Change Component Comment : Designator=R33 Old Comment=5 New Comment=0.5 10W
Added Component: Designator=C16(C8x20)
Added Component: Designator=R34(CR2012-0805)
Added Component: Designator=R35(CR2012-0805)
Added Component: Designator=VT3(TO-92)
Add component (AddParameter): Name = "Availability"; Value = "Unavailable"; VariantName = "[No Variations]"
Add component (AddParameter): Name = "MF"; Value = "Diotec Semiconductor"; VariantName = "[No Variations]"
Add component (AddParameter): Name = "MP"; Value = "2N3906"; VariantName = "[No Variations]"
Add component (AddParameter): Name = "Package"; Value = "TO-226-3 Diotec Semiconductor"; VariantName = "[No Variations]"
Add component (AddParameter): Name = "Price"; Value = "None"; VariantName = "[No Variations]"
Add component (AddParameter): Name = "SnapEDA_Link"; Value = "https://www.snapeda.com/parts/2N3906/Diotec/view-part/4705783/?ref=snap"; VariantName = "[No Variations]"
Add component (AddParameter): Name = "Value"; Value = ""; VariantName = "[No Variations]"
Added Pin To Net: NetName=-4V Pin=C16-2
Added Pin To Net: NetName=-4V Pin=R34-2
Added Pin To Net: NetName=+12V Pin=R35-1
Added Pin To Net: NetName=-4V Pin=VT3-1
Added Pin To Net: NetName=NetC13_1 Pin=VT3-3
Added Pin To Net: NetName=NetC16_1 Pin=C16-1
Added Pin To Net: NetName=NetC16_1 Pin=R34-1
Added Pin To Net: NetName=NetC16_1 Pin=R35-2
Added Pin To Net: NetName=NetC16_1 Pin=VT3-2
Added Net: Name=NetC16_1
Added Member To Class: ClassName=Heater Member=Component C16 1200uFx16V
Added Member To Class: ClassName=Heater Member=Component R34 100k
Added Member To Class: ClassName=Heater Member=Component R35 20k
Added Member To Class: ClassName=Heater Member=Component VT3 2N3906
